# JRE version: OpenJDK Runtime Environment Temurin-21.0.8+9 (21.0.8+9) (build 21.0.8+9-LTS)
# Java VM: OpenJDK 64-Bit Server VM Temurin-21.0.8+9 (21.0.8+9-LTS, mixed mode, sharing, tiered, compressed oops, compressed class ptrs, parallel gc, windows-amd64)
GC Precious Log:
 CardTable entry size: 512
 CPUs: 8 total, 8 available
 Memory: 5965M
 Large Page Support: Disabled
 NUMA Support: Disabled
 Compressed Oops: Enabled (32-bit)
 Alignments: Space 512K, Generation 512K, Heap 2M
 Heap Min Capacity: 100M
 Heap Initial Capacity: 100M
 Heap Max Capacity: 2G
 Pre-touch: Disabled
 Parallel Workers: 8
Heap:
 PSYoungGen      total 3584K, used 1972K [0x00000000d5580000, 0x00000000d5a00000, 0x0000000100000000)
  eden space 3072K, 50% used [0x00000000d5580000,0x00000000d5700bf8,0x00000000d5880000)
  from space 512K, 84% used [0x00000000d5900000,0x00000000d596c800,0x00000000d5980000)
  to   space 512K, 0% used [0x00000000d5980000,0x00000000d5980000,0x00000000d5a00000)
 ParOldGen       total 176128K, used 171374K [0x0000000080000000, 0x000000008ac00000, 0x00000000d5580000)
  object space 176128K, 97% used [0x0000000080000000,0x000000008a75b9e0,0x000000008ac00000)
 Metaspace       used 74269K, committed 75968K, reserved 1179648K
  class space    used 7465K, committed 8192K, reserved 1048576K
GC Heap History (20 events):
Event: 314.083 GC heap before
{Heap before GC invocations=508 (full 4):
 PSYoungGen      total 4096K, used 3392K [0x00000000d5580000, 0x00000000d5a00000, 0x0000000100000000)
  eden space 3072K, 100% used [0x00000000d5580000,0x00000000d5880000,0x00000000d5880000)
  from space 1024K, 31% used [0x00000000d5880000,0x00000000d58d0000,0x00000000d5980000)
  to   space 512K, 0% used [0x00000000d5980000,0x00000000d5980000,0x00000000d5a00000)
 ParOldGen       total 176128K, used 168689K [0x0000000080000000, 0x000000008ac00000, 0x00000000d5580000)
  object space 176128K, 95% used [0x0000000080000000,0x000000008a4bc7a8,0x000000008ac00000)
 Metaspace       used 73991K, committed 75648K, reserved 1179648K
  class space    used 7440K, committed 8128K, reserved 1048576K
}
Event: 314.090 GC heap after
{Heap after GC invocations=508 (full 4):
 PSYoungGen      total 3584K, used 320K [0x00000000d5580000, 0x00000000d5a00000, 0x0000000100000000)
  eden space 3072K, 0% used [0x00000000d5580000,0x00000000d5580000,0x00000000d5880000)
  from space 512K, 62% used [0x00000000d5980000,0x00000000d59d0000,0x00000000d5a00000)
  to   space 512K, 0% used [0x00000000d5900000,0x00000000d5900000,0x00000000d5980000)
 ParOldGen       total 176128K, used 168953K [0x0000000080000000, 0x000000008ac00000, 0x00000000d5580000)
  object space 176128K, 95% used [0x0000000080000000,0x000000008a4fe7a8,0x000000008ac00000)
 Metaspace       used 73991K, committed 75648K, reserved 1179648K
  class space    used 7440K, committed 8128K, reserved 1048576K
}
Event: 314.278 GC heap before
{Heap before GC invocations=509 (full 4):
 PSYoungGen      total 3584K, used 3392K [0x00000000d5580000, 0x00000000d5a00000, 0x0000000100000000)
  eden space 3072K, 100% used [0x00000000d5580000,0x00000000d5880000,0x00000000d5880000)
  from space 512K, 62% used [0x00000000d5980000,0x00000000d59d0000,0x00000000d5a00000)
  to   space 512K, 0% used [0x00000000d5900000,0x00000000d5900000,0x00000000d5980000)
 ParOldGen       total 176128K, used 168953K [0x0000000080000000, 0x000000008ac00000, 0x00000000d5580000)
  object space 176128K, 95% used [0x0000000080000000,0x000000008a4fe7a8,0x000000008ac00000)
 Metaspace       used 73998K, committed 75648K, reserved 1179648K
  class space    used 7440K, committed 8128K, reserved 1048576K
}
Event: 314.285 GC heap after
{Heap after GC invocations=509 (full 4):
 PSYoungGen      total 3584K, used 384K [0x00000000d5580000, 0x00000000d5a00000, 0x0000000100000000)
  eden space 3072K, 0% used [0x00000000d5580000,0x00000000d5580000,0x00000000d5880000)
  from space 512K, 75% used [0x00000000d5900000,0x00000000d5960000,0x00000000d5980000)
  to   space 512K, 0% used [0x00000000d5980000,0x00000000d5980000,0x00000000d5a00000)
 ParOldGen       total 176128K, used 169169K [0x0000000080000000, 0x000000008ac00000, 0x00000000d5580000)
  object space 176128K, 96% used [0x0000000080000000,0x000000008a5347a8,0x000000008ac00000)
 Metaspace       used 73998K, committed 75648K, reserved 1179648K
  class space    used 7440K, committed 8128K, reserved 1048576K
}
Event: 314.861 GC heap before
{Heap before GC invocations=510 (full 4):
 PSYoungGen      total 3584K, used 3456K [0x00000000d5580000, 0x00000000d5a00000, 0x0000000100000000)
  eden space 3072K, 100% used [0x00000000d5580000,0x00000000d5880000,0x00000000d5880000)
  from space 512K, 75% used [0x00000000d5900000,0x00000000d5960000,0x00000000d5980000)
  to   space 512K, 0% used [0x00000000d5980000,0x00000000d5980000,0x00000000d5a00000)
 ParOldGen       total 176128K, used 169169K [0x0000000080000000, 0x000000008ac00000, 0x00000000d5580000)
  object space 176128K, 96% used [0x0000000080000000,0x000000008a5347a8,0x000000008ac00000)
 Metaspace       used 74006K, committed 75648K, reserved 1179648K
  class space    used 7440K, committed 8128K, reserved 1048576K
}
Event: 314.868 GC heap after
{Heap after GC invocations=510 (full 4):
 PSYoungGen      total 3584K, used 480K [0x00000000d5580000, 0x00000000d5a00000, 0x0000000100000000)
  eden space 3072K, 0% used [0x00000000d5580000,0x00000000d5580000,0x00000000d5880000)
  from space 512K, 93% used [0x00000000d5980000,0x00000000d59f8020,0x00000000d5a00000)
  to   space 512K, 0% used [0x00000000d5900000,0x00000000d5900000,0x00000000d5980000)
 ParOldGen       total 176128K, used 169433K [0x0000000080000000, 0x000000008ac00000, 0x00000000d5580000)
  object space 176128K, 96% used [0x0000000080000000,0x000000008a5767e8,0x000000008ac00000)
 Metaspace       used 74006K, committed 75648K, reserved 1179648K
  class space    used 7440K, committed 8128K, reserved 1048576K
}
Event: 314.946 GC heap before
{Heap before GC invocations=511 (full 4):
 PSYoungGen      total 3584K, used 3552K [0x00000000d5580000, 0x00000000d5a00000, 0x0000000100000000)
  eden space 3072K, 100% used [0x00000000d5580000,0x00000000d5880000,0x00000000d5880000)
  from space 512K, 93% used [0x00000000d5980000,0x00000000d59f8020,0x00000000d5a00000)
  to   space 512K, 0% used [0x00000000d5900000,0x00000000d5900000,0x00000000d5980000)
 ParOldGen       total 176128K, used 169433K [0x0000000080000000, 0x000000008ac00000, 0x00000000d5580000)
  object space 176128K, 96% used [0x0000000080000000,0x000000008a5767e8,0x000000008ac00000)
 Metaspace       used 74006K, committed 75648K, reserved 1179648K
  class space    used 7440K, committed 8128K, reserved 1048576K
}
Event: 314.953 GC heap after
{Heap after GC invocations=511 (full 4):
 PSYoungGen      total 3584K, used 505K [0x00000000d5580000, 0x00000000d5a80000, 0x0000000100000000)
  eden space 3072K, 0% used [0x00000000d5580000,0x00000000d5580000,0x00000000d5880000)
  from space 512K, 98% used [0x00000000d5900000,0x00000000d597e410,0x00000000d5980000)
  to   space 1024K, 0% used [0x00000000d5980000,0x00000000d5980000,0x00000000d5a80000)
 ParOldGen       total 176128K, used 169786K [0x0000000080000000, 0x000000008ac00000, 0x00000000d5580000)
  object space 176128K, 96% used [0x0000000080000000,0x000000008a5ce818,0x000000008ac00000)
 Metaspace       used 74006K, committed 75648K, reserved 1179648K
  class space    used 7440K, committed 8128K, reserved 1048576K
}
Event: 315.026 GC heap before
{Heap before GC invocations=512 (full 4):
 PSYoungGen      total 3584K, used 3577K [0x00000000d5580000, 0x00000000d5a80000, 0x0000000100000000)
  eden space 3072K, 100% used [0x00000000d5580000,0x00000000d5880000,0x00000000d5880000)
  from space 512K, 98% used [0x00000000d5900000,0x00000000d597e410,0x00000000d5980000)
  to   space 1024K, 0% used [0x00000000d5980000,0x00000000d5980000,0x00000000d5a80000)
 ParOldGen       total 176128K, used 169786K [0x0000000080000000, 0x000000008ac00000, 0x00000000d5580000)
  object space 176128K, 96% used [0x0000000080000000,0x000000008a5ce818,0x000000008ac00000)
 Metaspace       used 74009K, committed 75648K, reserved 1179648K
  class space    used 7440K, committed 8128K, reserved 1048576K
}
Event: 315.037 GC heap after
{Heap after GC invocations=512 (full 4):
 PSYoungGen      total 4096K, used 448K [0x00000000d5580000, 0x00000000d5a80000, 0x0000000100000000)
  eden space 3072K, 0% used [0x00000000d5580000,0x00000000d5580000,0x00000000d5880000)
  from space 1024K, 43% used [0x00000000d5980000,0x00000000d59f0000,0x00000000d5a80000)
  to   space 1024K, 0% used [0x00000000d5880000,0x00000000d5880000,0x00000000d5980000)
 ParOldGen       total 176128K, used 170283K [0x0000000080000000, 0x000000008ac00000, 0x00000000d5580000)
  object space 176128K, 96% used [0x0000000080000000,0x000000008a64ac28,0x000000008ac00000)
 Metaspace       used 74009K, committed 75648K, reserved 1179648K
  class space    used 7440K, committed 8128K, reserved 1048576K
}
Event: 315.068 GC heap before
{Heap before GC invocations=513 (full 4):
 PSYoungGen      total 4096K, used 3520K [0x00000000d5580000, 0x00000000d5a80000, 0x0000000100000000)
  eden space 3072K, 100% used [0x00000000d5580000,0x00000000d5880000,0x00000000d5880000)
  from space 1024K, 43% used [0x00000000d5980000,0x00000000d59f0000,0x00000000d5a80000)
  to   space 1024K, 0% used [0x00000000d5880000,0x00000000d5880000,0x00000000d5980000)
 ParOldGen       total 176128K, used 170283K [0x0000000080000000, 0x000000008ac00000, 0x00000000d5580000)
  object space 176128K, 96% used [0x0000000080000000,0x000000008a64ac28,0x000000008ac00000)
 Metaspace       used 74009K, committed 75648K, reserved 1179648K
  class space    used 7440K, committed 8128K, reserved 1048576K
}
Event: 315.080 GC heap after
{Heap after GC invocations=513 (full 4):
 PSYoungGen      total 4096K, used 256K [0x00000000d5580000, 0x00000000d5a00000, 0x0000000100000000)
  eden space 3072K, 0% used [0x00000000d5580000,0x00000000d5580000,0x00000000d5880000)
  from space 1024K, 25% used [0x00000000d5880000,0x00000000d58c0000,0x00000000d5980000)
  to   space 512K, 0% used [0x00000000d5980000,0x00000000d5980000,0x00000000d5a00000)
 ParOldGen       total 176128K, used 170600K [0x0000000080000000, 0x000000008ac00000, 0x00000000d5580000)
  object space 176128K, 96% used [0x0000000080000000,0x000000008a69a318,0x000000008ac00000)
 Metaspace       used 74009K, committed 75648K, reserved 1179648K
  class space    used 7440K, committed 8128K, reserved 1048576K
}
Event: 315.128 GC heap before
{Heap before GC invocations=514 (full 4):
 PSYoungGen      total 4096K, used 3328K [0x00000000d5580000, 0x00000000d5a00000, 0x0000000100000000)
  eden space 3072K, 100% used [0x00000000d5580000,0x00000000d5880000,0x00000000d5880000)
  from space 1024K, 25% used [0x00000000d5880000,0x00000000d58c0000,0x00000000d5980000)
  to   space 512K, 0% used [0x00000000d5980000,0x00000000d5980000,0x00000000d5a00000)
 ParOldGen       total 176128K, used 170600K [0x0000000080000000, 0x000000008ac00000, 0x00000000d5580000)
  object space 176128K, 96% used [0x0000000080000000,0x000000008a69a318,0x000000008ac00000)
 Metaspace       used 74010K, committed 75648K, reserved 1179648K
  class space    used 7440K, committed 8128K, reserved 1048576K
}
Event: 315.135 GC heap after
{Heap after GC invocations=514 (full 4):
 PSYoungGen      total 3584K, used 384K [0x00000000d5580000, 0x00000000d5a00000, 0x0000000100000000)
  eden space 3072K, 0% used [0x00000000d5580000,0x00000000d5580000,0x00000000d5880000)
  from space 512K, 75% used [0x00000000d5980000,0x00000000d59e0000,0x00000000d5a00000)
  to   space 512K, 0% used [0x00000000d5900000,0x00000000d5900000,0x00000000d5980000)
 ParOldGen       total 176128K, used 170736K [0x0000000080000000, 0x000000008ac00000, 0x00000000d5580000)
  object space 176128K, 96% used [0x0000000080000000,0x000000008a6bc318,0x000000008ac00000)
 Metaspace       used 74010K, committed 75648K, reserved 1179648K
  class space    used 7440K, committed 8128K, reserved 1048576K
}
Event: 315.432 GC heap before
{Heap before GC invocations=515 (full 4):
 PSYoungGen      total 3584K, used 3456K [0x00000000d5580000, 0x00000000d5a00000, 0x0000000100000000)
  eden space 3072K, 100% used [0x00000000d5580000,0x00000000d5880000,0x00000000d5880000)
  from space 512K, 75% used [0x00000000d5980000,0x00000000d59e0000,0x00000000d5a00000)
  to   space 512K, 0% used [0x00000000d5900000,0x00000000d5900000,0x00000000d5980000)
 ParOldGen       total 176128K, used 170736K [0x0000000080000000, 0x000000008ac00000, 0x00000000d5580000)
  object space 176128K, 96% used [0x0000000080000000,0x000000008a6bc318,0x000000008ac00000)
 Metaspace       used 74014K, committed 75648K, reserved 1179648K
  class space    used 7440K, committed 8128K, reserved 1048576K
}
Event: 315.439 GC heap after
{Heap after GC invocations=515 (full 4):
 PSYoungGen      total 3584K, used 393K [0x00000000d5580000, 0x00000000d5a00000, 0x0000000100000000)
  eden space 3072K, 0% used [0x00000000d5580000,0x00000000d5580000,0x00000000d5880000)
  from space 512K, 76% used [0x00000000d5900000,0x00000000d5962400,0x00000000d5980000)
  to   space 512K, 0% used [0x00000000d5980000,0x00000000d5980000,0x00000000d5a00000)
 ParOldGen       total 176128K, used 171012K [0x0000000080000000, 0x000000008ac00000, 0x00000000d5580000)
  object space 176128K, 97% used [0x0000000080000000,0x000000008a701348,0x000000008ac00000)
 Metaspace       used 74014K, committed 75648K, reserved 1179648K
  class space    used 7440K, committed 8128K, reserved 1048576K
}
Event: 315.664 GC heap before
{Heap before GC invocations=516 (full 4):
 PSYoungGen      total 3584K, used 2995K [0x00000000d5580000, 0x00000000d5a00000, 0x0000000100000000)
  eden space 3072K, 84% used [0x00000000d5580000,0x00000000d580a9b8,0x00000000d5880000)
  from space 512K, 76% used [0x00000000d5900000,0x00000000d5962400,0x00000000d5980000)
  to   space 512K, 0% used [0x00000000d5980000,0x00000000d5980000,0x00000000d5a00000)
 ParOldGen       total 176128K, used 171012K [0x0000000080000000, 0x000000008ac00000, 0x00000000d5580000)
  object space 176128K, 97% used [0x0000000080000000,0x000000008a701348,0x000000008ac00000)
 Metaspace       used 74014K, committed 75648K, reserved 1179648K
  class space    used 7440K, committed 8128K, reserved 1048576K
}
Event: 315.672 GC heap after
{Heap after GC invocations=516 (full 4):
 PSYoungGen      total 3584K, used 192K [0x00000000d5580000, 0x00000000d5a00000, 0x0000000100000000)
  eden space 3072K, 0% used [0x00000000d5580000,0x00000000d5580000,0x00000000d5880000)
  from space 512K, 37% used [0x00000000d5980000,0x00000000d59b0000,0x00000000d5a00000)
  to   space 512K, 0% used [0x00000000d5900000,0x00000000d5900000,0x00000000d5980000)
 ParOldGen       total 176128K, used 171318K [0x0000000080000000, 0x000000008ac00000, 0x00000000d5580000)
  object space 176128K, 97% used [0x0000000080000000,0x000000008a74d9e0,0x000000008ac00000)
 Metaspace       used 74014K, committed 75648K, reserved 1179648K
  class space    used 7440K, committed 8128K, reserved 1048576K
}
Event: 316.168 GC heap before
{Heap before GC invocations=517 (full 4):
 PSYoungGen      total 3584K, used 3264K [0x00000000d5580000, 0x00000000d5a00000, 0x0000000100000000)
  eden space 3072K, 100% used [0x00000000d5580000,0x00000000d5880000,0x00000000d5880000)
  from space 512K, 37% used [0x00000000d5980000,0x00000000d59b0000,0x00000000d5a00000)
  to   space 512K, 0% used [0x00000000d5900000,0x00000000d5900000,0x00000000d5980000)
 ParOldGen       total 176128K, used 171318K [0x0000000080000000, 0x000000008ac00000, 0x00000000d5580000)
  object space 176128K, 97% used [0x0000000080000000,0x000000008a74d9e0,0x000000008ac00000)
 Metaspace       used 74240K, committed 75904K, reserved 1179648K
  class space    used 7464K, committed 8192K, reserved 1048576K
}
Event: 316.174 GC heap after
{Heap after GC invocations=517 (full 4):
 PSYoungGen      total 3584K, used 434K [0x00000000d5580000, 0x00000000d5a00000, 0x0000000100000000)
  eden space 3072K, 0% used [0x00000000d5580000,0x00000000d5580000,0x00000000d5880000)
  from space 512K, 84% used [0x00000000d5900000,0x00000000d596c800,0x00000000d5980000)
  to   space 512K, 0% used [0x00000000d5980000,0x00000000d5980000,0x00000000d5a00000)
 ParOldGen       total 176128K, used 171374K [0x0000000080000000, 0x000000008ac00000, 0x00000000d5580000)
  object space 176128K, 97% used [0x0000000080000000,0x000000008a75b9e0,0x000000008ac00000)
 Metaspace       used 74240K, committed 75904K, reserved 1179648K
  class space    used 7464K, committed 8192K, reserved 1048576K
}

