# JRE version: OpenJDK Runtime Environment Temurin-21.0.8+9 (21.0.8+9) (build 21.0.8+9-LTS)
# Java VM: OpenJDK 64-Bit Server VM Temurin-21.0.8+9 (21.0.8+9-LTS, mixed mode, sharing, tiered, compressed oops, compressed class ptrs, parallel gc, windows-amd64)
GC Precious Log:
 CardTable entry size: 512
 CPUs: 8 total, 8 available
 Memory: 5965M
 Large Page Support: Disabled
 NUMA Support: Disabled
 Compressed Oops: Enabled (32-bit)
 Alignments: Space 512K, Generation 512K, Heap 2M
 Heap Min Capacity: 100M
 Heap Initial Capacity: 100M
 Heap Max Capacity: 2G
 Pre-touch: Disabled
 Parallel Workers: 8
Heap:
 PSYoungGen      total 23040K, used 15813K [0x00000000d5580000, 0x00000000d6e80000, 0x0000000100000000)
  eden space 22016K, 68% used [0x00000000d5580000,0x00000000d64397d8,0x00000000d6b00000)
  from space 1024K, 71% used [0x00000000d6c80000,0x00000000d6d38000,0x00000000d6d80000)
  to   space 1024K, 0% used [0x00000000d6d80000,0x00000000d6d80000,0x00000000d6e80000)
 ParOldGen       total 68608K, used 42795K [0x0000000080000000, 0x0000000084300000, 0x00000000d5580000)
  object space 68608K, 62% used [0x0000000080000000,0x00000000829cad60,0x0000000084300000)
 Metaspace       used 61581K, committed 62912K, reserved 1114112K
  class space    used 6738K, committed 7296K, reserved 1048576K
GC Heap History (20 events):
Event: 21.267 GC heap before
{Heap before GC invocations=29 (full 2):
 PSYoungGen      total 24064K, used 23875K [0x00000000d5580000, 0x00000000d6f80000, 0x0000000100000000)
  eden space 22016K, 99% used [0x00000000d5580000,0x00000000d6afffe8,0x00000000d6b00000)
  from space 2048K, 90% used [0x00000000d6d80000,0x00000000d6f50ce8,0x00000000d6f80000)
  to   space 2048K, 0% used [0x00000000d6b80000,0x00000000d6b80000,0x00000000d6d80000)
 ParOldGen       total 68608K, used 38455K [0x0000000080000000, 0x0000000084300000, 0x00000000d5580000)
  object space 68608K, 56% used [0x0000000080000000,0x000000008258dea0,0x0000000084300000)
 Metaspace       used 54569K, committed 55808K, reserved 1114112K
  class space    used 6001K, committed 6528K, reserved 1048576K
}
Event: 21.271 GC heap after
{Heap after GC invocations=29 (full 2):
 PSYoungGen      total 23040K, used 661K [0x00000000d5580000, 0x00000000d6e00000, 0x0000000100000000)
  eden space 22016K, 0% used [0x00000000d5580000,0x00000000d5580000,0x00000000d6b00000)
  from space 1024K, 64% used [0x00000000d6b80000,0x00000000d6c25568,0x00000000d6c80000)
  to   space 1536K, 0% used [0x00000000d6c80000,0x00000000d6c80000,0x00000000d6e00000)
 ParOldGen       total 68608K, used 40106K [0x0000000080000000, 0x0000000084300000, 0x00000000d5580000)
  object space 68608K, 58% used [0x0000000080000000,0x000000008272ab90,0x0000000084300000)
 Metaspace       used 54569K, committed 55808K, reserved 1114112K
  class space    used 6001K, committed 6528K, reserved 1048576K
}
Event: 22.011 GC heap before
{Heap before GC invocations=30 (full 2):
 PSYoungGen      total 23040K, used 22677K [0x00000000d5580000, 0x00000000d6e00000, 0x0000000100000000)
  eden space 22016K, 100% used [0x00000000d5580000,0x00000000d6b00000,0x00000000d6b00000)
  from space 1024K, 64% used [0x00000000d6b80000,0x00000000d6c25568,0x00000000d6c80000)
  to   space 1536K, 0% used [0x00000000d6c80000,0x00000000d6c80000,0x00000000d6e00000)
 ParOldGen       total 68608K, used 40106K [0x0000000080000000, 0x0000000084300000, 0x00000000d5580000)
  object space 68608K, 58% used [0x0000000080000000,0x000000008272ab90,0x0000000084300000)
 Metaspace       used 55999K, committed 57216K, reserved 1114112K
  class space    used 6134K, committed 6656K, reserved 1048576K
}
Event: 22.013 GC heap after
{Heap after GC invocations=30 (full 2):
 PSYoungGen      total 23040K, used 544K [0x00000000d5580000, 0x00000000d6d80000, 0x0000000100000000)
  eden space 22016K, 0% used [0x00000000d5580000,0x00000000d5580000,0x00000000d6b00000)
  from space 1024K, 53% used [0x00000000d6c80000,0x00000000d6d08000,0x00000000d6d80000)
  to   space 1024K, 0% used [0x00000000d6b80000,0x00000000d6b80000,0x00000000d6c80000)
 ParOldGen       total 68608K, used 40662K [0x0000000080000000, 0x0000000084300000, 0x00000000d5580000)
  object space 68608K, 59% used [0x0000000080000000,0x00000000827b5bc0,0x0000000084300000)
 Metaspace       used 55999K, committed 57216K, reserved 1114112K
  class space    used 6134K, committed 6656K, reserved 1048576K
}
Event: 22.750 GC heap before
{Heap before GC invocations=31 (full 2):
 PSYoungGen      total 23040K, used 22559K [0x00000000d5580000, 0x00000000d6d80000, 0x0000000100000000)
  eden space 22016K, 99% used [0x00000000d5580000,0x00000000d6affd20,0x00000000d6b00000)
  from space 1024K, 53% used [0x00000000d6c80000,0x00000000d6d08000,0x00000000d6d80000)
  to   space 1024K, 0% used [0x00000000d6b80000,0x00000000d6b80000,0x00000000d6c80000)
 ParOldGen       total 68608K, used 40662K [0x0000000080000000, 0x0000000084300000, 0x00000000d5580000)
  object space 68608K, 59% used [0x0000000080000000,0x00000000827b5bc0,0x0000000084300000)
 Metaspace       used 58481K, committed 59776K, reserved 1114112K
  class space    used 6402K, committed 6976K, reserved 1048576K
}
Event: 22.754 GC heap after
{Heap after GC invocations=31 (full 2):
 PSYoungGen      total 23040K, used 997K [0x00000000d5580000, 0x00000000d7000000, 0x0000000100000000)
  eden space 22016K, 0% used [0x00000000d5580000,0x00000000d5580000,0x00000000d6b00000)
  from space 1024K, 97% used [0x00000000d6b80000,0x00000000d6c79418,0x00000000d6c80000)
  to   space 2560K, 0% used [0x00000000d6d80000,0x00000000d6d80000,0x00000000d7000000)
 ParOldGen       total 68608K, used 41833K [0x0000000080000000, 0x0000000084300000, 0x00000000d5580000)
  object space 68608K, 60% used [0x0000000080000000,0x00000000828da4d0,0x0000000084300000)
 Metaspace       used 58481K, committed 59776K, reserved 1114112K
  class space    used 6402K, committed 6976K, reserved 1048576K
}
Event: 22.771 GC heap before
{Heap before GC invocations=32 (full 2):
 PSYoungGen      total 23040K, used 1845K [0x00000000d5580000, 0x00000000d7000000, 0x0000000100000000)
  eden space 22016K, 3% used [0x00000000d5580000,0x00000000d5654170,0x00000000d6b00000)
  from space 1024K, 97% used [0x00000000d6b80000,0x00000000d6c79418,0x00000000d6c80000)
  to   space 2560K, 0% used [0x00000000d6d80000,0x00000000d6d80000,0x00000000d7000000)
 ParOldGen       total 68608K, used 41833K [0x0000000080000000, 0x0000000084300000, 0x00000000d5580000)
  object space 68608K, 60% used [0x0000000080000000,0x00000000828da4d0,0x0000000084300000)
 Metaspace       used 58540K, committed 59776K, reserved 1114112K
  class space    used 6410K, committed 6976K, reserved 1048576K
}
Event: 22.774 GC heap after
{Heap after GC invocations=32 (full 2):
 PSYoungGen      total 22528K, used 288K [0x00000000d5580000, 0x00000000d6e00000, 0x0000000100000000)
  eden space 22016K, 0% used [0x00000000d5580000,0x00000000d5580000,0x00000000d6b00000)
  from space 512K, 56% used [0x00000000d6d80000,0x00000000d6dc8000,0x00000000d6e00000)
  to   space 1024K, 0% used [0x00000000d6c00000,0x00000000d6c00000,0x00000000d6d00000)
 ParOldGen       total 68608K, used 42848K [0x0000000080000000, 0x0000000084300000, 0x00000000d5580000)
  object space 68608K, 62% used [0x0000000080000000,0x00000000829d83c0,0x0000000084300000)
 Metaspace       used 58540K, committed 59776K, reserved 1114112K
  class space    used 6410K, committed 6976K, reserved 1048576K
}
Event: 22.774 GC heap before
{Heap before GC invocations=33 (full 3):
 PSYoungGen      total 22528K, used 288K [0x00000000d5580000, 0x00000000d6e00000, 0x0000000100000000)
  eden space 22016K, 0% used [0x00000000d5580000,0x00000000d5580000,0x00000000d6b00000)
  from space 512K, 56% used [0x00000000d6d80000,0x00000000d6dc8000,0x00000000d6e00000)
  to   space 1024K, 0% used [0x00000000d6c00000,0x00000000d6c00000,0x00000000d6d00000)
 ParOldGen       total 68608K, used 42848K [0x0000000080000000, 0x0000000084300000, 0x00000000d5580000)
  object space 68608K, 62% used [0x0000000080000000,0x00000000829d83c0,0x0000000084300000)
 Metaspace       used 58540K, committed 59776K, reserved 1114112K
  class space    used 6410K, committed 6976K, reserved 1048576K
}
Event: 22.864 GC heap after
{Heap after GC invocations=33 (full 3):
 PSYoungGen      total 22528K, used 0K [0x00000000d5580000, 0x00000000d6e00000, 0x0000000100000000)
  eden space 22016K, 0% used [0x00000000d5580000,0x00000000d5580000,0x00000000d6b00000)
  from space 512K, 0% used [0x00000000d6d80000,0x00000000d6d80000,0x00000000d6e00000)
  to   space 1024K, 0% used [0x00000000d6c00000,0x00000000d6c00000,0x00000000d6d00000)
 ParOldGen       total 68608K, used 40065K [0x0000000080000000, 0x0000000084300000, 0x00000000d5580000)
  object space 68608K, 58% used [0x0000000080000000,0x0000000082720400,0x0000000084300000)
 Metaspace       used 58540K, committed 59776K, reserved 1114112K
  class space    used 6410K, committed 6976K, reserved 1048576K
}
Event: 24.619 GC heap before
{Heap before GC invocations=34 (full 3):
 PSYoungGen      total 22528K, used 22016K [0x00000000d5580000, 0x00000000d6e00000, 0x0000000100000000)
  eden space 22016K, 100% used [0x00000000d5580000,0x00000000d6b00000,0x00000000d6b00000)
  from space 512K, 0% used [0x00000000d6d80000,0x00000000d6d80000,0x00000000d6e00000)
  to   space 1024K, 0% used [0x00000000d6c00000,0x00000000d6c00000,0x00000000d6d00000)
 ParOldGen       total 68608K, used 40065K [0x0000000080000000, 0x0000000084300000, 0x00000000d5580000)
  object space 68608K, 58% used [0x0000000080000000,0x0000000082720400,0x0000000084300000)
 Metaspace       used 60106K, committed 61440K, reserved 1114112K
  class space    used 6577K, committed 7168K, reserved 1048576K
}
Event: 24.623 GC heap after
{Heap after GC invocations=34 (full 3):
 PSYoungGen      total 23040K, used 1017K [0x00000000d5580000, 0x00000000d7100000, 0x0000000100000000)
  eden space 22016K, 0% used [0x00000000d5580000,0x00000000d5580000,0x00000000d6b00000)
  from space 1024K, 99% used [0x00000000d6c00000,0x00000000d6cfe520,0x00000000d6d00000)
  to   space 3072K, 0% used [0x00000000d6e00000,0x00000000d6e00000,0x00000000d7100000)
 ParOldGen       total 68608K, used 41491K [0x0000000080000000, 0x0000000084300000, 0x00000000d5580000)
  object space 68608K, 60% used [0x0000000080000000,0x0000000082884f10,0x0000000084300000)
 Metaspace       used 60106K, committed 61440K, reserved 1114112K
  class space    used 6577K, committed 7168K, reserved 1048576K
}
Event: 26.800 GC heap before
{Heap before GC invocations=35 (full 3):
 PSYoungGen      total 23040K, used 23033K [0x00000000d5580000, 0x00000000d7100000, 0x0000000100000000)
  eden space 22016K, 100% used [0x00000000d5580000,0x00000000d6b00000,0x00000000d6b00000)
  from space 1024K, 99% used [0x00000000d6c00000,0x00000000d6cfe520,0x00000000d6d00000)
  to   space 3072K, 0% used [0x00000000d6e00000,0x00000000d6e00000,0x00000000d7100000)
 ParOldGen       total 68608K, used 41491K [0x0000000080000000, 0x0000000084300000, 0x00000000d5580000)
  object space 68608K, 60% used [0x0000000080000000,0x0000000082884f10,0x0000000084300000)
 Metaspace       used 60111K, committed 61440K, reserved 1114112K
  class space    used 6577K, committed 7168K, reserved 1048576K
}
Event: 26.802 GC heap after
{Heap after GC invocations=35 (full 3):
 PSYoungGen      total 22528K, used 192K [0x00000000d5580000, 0x00000000d6e80000, 0x0000000100000000)
  eden space 22016K, 0% used [0x00000000d5580000,0x00000000d5580000,0x00000000d6b00000)
  from space 512K, 37% used [0x00000000d6e00000,0x00000000d6e30000,0x00000000d6e80000)
  to   space 1024K, 0% used [0x00000000d6c80000,0x00000000d6c80000,0x00000000d6d80000)
 ParOldGen       total 68608K, used 42499K [0x0000000080000000, 0x0000000084300000, 0x00000000d5580000)
  object space 68608K, 61% used [0x0000000080000000,0x0000000082980d60,0x0000000084300000)
 Metaspace       used 60111K, committed 61440K, reserved 1114112K
  class space    used 6577K, committed 7168K, reserved 1048576K
}
Event: 27.527 GC heap before
{Heap before GC invocations=36 (full 3):
 PSYoungGen      total 22528K, used 22208K [0x00000000d5580000, 0x00000000d6e80000, 0x0000000100000000)
  eden space 22016K, 100% used [0x00000000d5580000,0x00000000d6b00000,0x00000000d6b00000)
  from space 512K, 37% used [0x00000000d6e00000,0x00000000d6e30000,0x00000000d6e80000)
  to   space 1024K, 0% used [0x00000000d6c80000,0x00000000d6c80000,0x00000000d6d80000)
 ParOldGen       total 68608K, used 42499K [0x0000000080000000, 0x0000000084300000, 0x00000000d5580000)
  object space 68608K, 61% used [0x0000000080000000,0x0000000082980d60,0x0000000084300000)
 Metaspace       used 60132K, committed 61440K, reserved 1114112K
  class space    used 6579K, committed 7168K, reserved 1048576K
}
Event: 27.528 GC heap after
{Heap after GC invocations=36 (full 3):
 PSYoungGen      total 23040K, used 224K [0x00000000d5580000, 0x00000000d6e80000, 0x0000000100000000)
  eden space 22016K, 0% used [0x00000000d5580000,0x00000000d5580000,0x00000000d6b00000)
  from space 1024K, 21% used [0x00000000d6c80000,0x00000000d6cb8000,0x00000000d6d80000)
  to   space 512K, 0% used [0x00000000d6e00000,0x00000000d6e00000,0x00000000d6e80000)
 ParOldGen       total 68608K, used 42523K [0x0000000080000000, 0x0000000084300000, 0x00000000d5580000)
  object space 68608K, 61% used [0x0000000080000000,0x0000000082986d60,0x0000000084300000)
 Metaspace       used 60132K, committed 61440K, reserved 1114112K
  class space    used 6579K, committed 7168K, reserved 1048576K
}
Event: 28.021 GC heap before
{Heap before GC invocations=37 (full 3):
 PSYoungGen      total 23040K, used 22240K [0x00000000d5580000, 0x00000000d6e80000, 0x0000000100000000)
  eden space 22016K, 100% used [0x00000000d5580000,0x00000000d6b00000,0x00000000d6b00000)
  from space 1024K, 21% used [0x00000000d6c80000,0x00000000d6cb8000,0x00000000d6d80000)
  to   space 512K, 0% used [0x00000000d6e00000,0x00000000d6e00000,0x00000000d6e80000)
 ParOldGen       total 68608K, used 42523K [0x0000000080000000, 0x0000000084300000, 0x00000000d5580000)
  object space 68608K, 61% used [0x0000000080000000,0x0000000082986d60,0x0000000084300000)
 Metaspace       used 60206K, committed 61504K, reserved 1114112K
  class space    used 6594K, committed 7168K, reserved 1048576K
}
Event: 28.023 GC heap after
{Heap after GC invocations=37 (full 3):
 PSYoungGen      total 22528K, used 512K [0x00000000d5580000, 0x00000000d6e80000, 0x0000000100000000)
  eden space 22016K, 0% used [0x00000000d5580000,0x00000000d5580000,0x00000000d6b00000)
  from space 512K, 100% used [0x00000000d6e00000,0x00000000d6e80000,0x00000000d6e80000)
  to   space 1024K, 0% used [0x00000000d6c80000,0x00000000d6c80000,0x00000000d6d80000)
 ParOldGen       total 68608K, used 42555K [0x0000000080000000, 0x0000000084300000, 0x00000000d5580000)
  object space 68608K, 62% used [0x0000000080000000,0x000000008298ed60,0x0000000084300000)
 Metaspace       used 60206K, committed 61504K, reserved 1114112K
  class space    used 6594K, committed 7168K, reserved 1048576K
}
Event: 29.024 GC heap before
{Heap before GC invocations=38 (full 3):
 PSYoungGen      total 22528K, used 22528K [0x00000000d5580000, 0x00000000d6e80000, 0x0000000100000000)
  eden space 22016K, 100% used [0x00000000d5580000,0x00000000d6b00000,0x00000000d6b00000)
  from space 512K, 100% used [0x00000000d6e00000,0x00000000d6e80000,0x00000000d6e80000)
  to   space 1024K, 0% used [0x00000000d6c80000,0x00000000d6c80000,0x00000000d6d80000)
 ParOldGen       total 68608K, used 42555K [0x0000000080000000, 0x0000000084300000, 0x00000000d5580000)
  object space 68608K, 62% used [0x0000000080000000,0x000000008298ed60,0x0000000084300000)
 Metaspace       used 60601K, committed 61824K, reserved 1114112K
  class space    used 6631K, committed 7168K, reserved 1048576K
}
Event: 29.026 GC heap after
{Heap after GC invocations=38 (full 3):
 PSYoungGen      total 23040K, used 736K [0x00000000d5580000, 0x00000000d6e80000, 0x0000000100000000)
  eden space 22016K, 0% used [0x00000000d5580000,0x00000000d5580000,0x00000000d6b00000)
  from space 1024K, 71% used [0x00000000d6c80000,0x00000000d6d38000,0x00000000d6d80000)
  to   space 1024K, 0% used [0x00000000d6d80000,0x00000000d6d80000,0x00000000d6e80000)
 ParOldGen       total 68608K, used 42795K [0x0000000080000000, 0x0000000084300000, 0x00000000d5580000)
  object space 68608K, 62% used [0x0000000080000000,0x00000000829cad60,0x0000000084300000)
 Metaspace       used 60601K, committed 61824K, reserved 1114112K
  class space    used 6631K, committed 7168K, reserved 1048576K
}

