# JRE version: OpenJDK Runtime Environment Temurin-21.0.8+9 (21.0.8+9) (build 21.0.8+9-LTS)
# Java VM: OpenJDK 64-Bit Server VM Temurin-21.0.8+9 (21.0.8+9-LTS, mixed mode, sharing, tiered, compressed oops, compressed class ptrs, parallel gc, windows-amd64)
GC Precious Log:
 CardTable entry size: 512
 CPUs: 8 total, 8 available
 Memory: 5965M
 Large Page Support: Disabled
 NUMA Support: Disabled
 Compressed Oops: Enabled (32-bit)
 Alignments: Space 512K, Generation 512K, Heap 2M
 Heap Min Capacity: 100M
 Heap Initial Capacity: 100M
 Heap Max Capacity: 2G
 Pre-touch: Disabled
 Parallel Workers: 8
Heap:
 PSYoungGen      total 3072K, used 971K [0x00000000d5580000, 0x00000000d5a80000, 0x0000000100000000)
  eden space 2048K, 14% used [0x00000000d5580000,0x00000000d55cad18,0x00000000d5780000)
  from space 1024K, 65% used [0x00000000d5780000,0x00000000d5828000,0x00000000d5880000)
  to   space 1536K, 0% used [0x00000000d5900000,0x00000000d5900000,0x00000000d5a80000)
 ParOldGen       total 187904K, used 92505K [0x0000000080000000, 0x000000008b780000, 0x00000000d5580000)
  object space 187904K, 49% used [0x0000000080000000,0x0000000085a56438,0x000000008b780000)
 Metaspace       used 77242K, committed 78976K, reserved 1179648K
  class space    used 8004K, committed 8832K, reserved 1048576K
GC Heap History (20 events):
Event: 371.797 GC heap before
{Heap before GC invocations=368 (full 4):
 PSYoungGen      total 2560K, used 2047K [0x00000000d5580000, 0x00000000d5c00000, 0x0000000100000000)
  eden space 2048K, 99% used [0x00000000d5580000,0x00000000d577ffb0,0x00000000d5780000)
  from space 512K, 0% used [0x00000000d5b00000,0x00000000d5b00000,0x00000000d5b80000)
  to   space 512K, 0% used [0x00000000d5b80000,0x00000000d5b80000,0x00000000d5c00000)
 ParOldGen       total 187904K, used 81712K [0x0000000080000000, 0x000000008b780000, 0x00000000d5580000)
  object space 187904K, 43% used [0x0000000080000000,0x0000000084fcc1d0,0x000000008b780000)
 Metaspace       used 77159K, committed 78912K, reserved 1179648K
  class space    used 7997K, committed 8832K, reserved 1048576K
}
Event: 371.857 GC heap after
{Heap after GC invocations=368 (full 4):
 PSYoungGen      total 2560K, used 256K [0x00000000d5580000, 0x00000000d5c00000, 0x0000000100000000)
  eden space 2048K, 0% used [0x00000000d5580000,0x00000000d5580000,0x00000000d5780000)
  from space 512K, 50% used [0x00000000d5b80000,0x00000000d5bc0000,0x00000000d5c00000)
  to   space 512K, 0% used [0x00000000d5b00000,0x00000000d5b00000,0x00000000d5b80000)
 ParOldGen       total 187904K, used 81720K [0x0000000080000000, 0x000000008b780000, 0x00000000d5580000)
  object space 187904K, 43% used [0x0000000080000000,0x0000000084fce1d0,0x000000008b780000)
 Metaspace       used 77159K, committed 78912K, reserved 1179648K
  class space    used 7997K, committed 8832K, reserved 1048576K
}
Event: 1019.717 GC heap before
{Heap before GC invocations=369 (full 4):
 PSYoungGen      total 2560K, used 2304K [0x00000000d5580000, 0x00000000d5c00000, 0x0000000100000000)
  eden space 2048K, 100% used [0x00000000d5580000,0x00000000d5780000,0x00000000d5780000)
  from space 512K, 50% used [0x00000000d5b80000,0x00000000d5bc0000,0x00000000d5c00000)
  to   space 512K, 0% used [0x00000000d5b00000,0x00000000d5b00000,0x00000000d5b80000)
 ParOldGen       total 187904K, used 81720K [0x0000000080000000, 0x000000008b780000, 0x00000000d5580000)
  object space 187904K, 43% used [0x0000000080000000,0x0000000084fce1d0,0x000000008b780000)
 Metaspace       used 77219K, committed 78976K, reserved 1179648K
  class space    used 8004K, committed 8832K, reserved 1048576K
}
Event: 1019.788 GC heap after
{Heap after GC invocations=369 (full 4):
 PSYoungGen      total 2560K, used 468K [0x00000000d5580000, 0x00000000d5c00000, 0x0000000100000000)
  eden space 2048K, 0% used [0x00000000d5580000,0x00000000d5580000,0x00000000d5780000)
  from space 512K, 91% used [0x00000000d5b00000,0x00000000d5b75220,0x00000000d5b80000)
  to   space 512K, 0% used [0x00000000d5b80000,0x00000000d5b80000,0x00000000d5c00000)
 ParOldGen       total 187904K, used 81808K [0x0000000080000000, 0x000000008b780000, 0x00000000d5580000)
  object space 187904K, 43% used [0x0000000080000000,0x0000000084fe41d0,0x000000008b780000)
 Metaspace       used 77219K, committed 78976K, reserved 1179648K
  class space    used 8004K, committed 8832K, reserved 1048576K
}
Event: 1019.872 GC heap before
{Heap before GC invocations=370 (full 4):
 PSYoungGen      total 2560K, used 2516K [0x00000000d5580000, 0x00000000d5c00000, 0x0000000100000000)
  eden space 2048K, 100% used [0x00000000d5580000,0x00000000d5780000,0x00000000d5780000)
  from space 512K, 91% used [0x00000000d5b00000,0x00000000d5b75220,0x00000000d5b80000)
  to   space 512K, 0% used [0x00000000d5b80000,0x00000000d5b80000,0x00000000d5c00000)
 ParOldGen       total 187904K, used 81808K [0x0000000080000000, 0x000000008b780000, 0x00000000d5580000)
  object space 187904K, 43% used [0x0000000080000000,0x0000000084fe41d0,0x000000008b780000)
 Metaspace       used 77222K, committed 78976K, reserved 1179648K
  class space    used 8004K, committed 8832K, reserved 1048576K
}
Event: 1019.876 GC heap after
{Heap after GC invocations=370 (full 4):
 PSYoungGen      total 2560K, used 498K [0x00000000d5580000, 0x00000000d5c00000, 0x0000000100000000)
  eden space 2048K, 0% used [0x00000000d5580000,0x00000000d5580000,0x00000000d5780000)
  from space 512K, 97% used [0x00000000d5b80000,0x00000000d5bfc800,0x00000000d5c00000)
  to   space 1024K, 0% used [0x00000000d5a00000,0x00000000d5a00000,0x00000000d5b00000)
 ParOldGen       total 187904K, used 82136K [0x0000000080000000, 0x000000008b780000, 0x00000000d5580000)
  object space 187904K, 43% used [0x0000000080000000,0x00000000850361f0,0x000000008b780000)
 Metaspace       used 77222K, committed 78976K, reserved 1179648K
  class space    used 8004K, committed 8832K, reserved 1048576K
}
Event: 1019.909 GC heap before
{Heap before GC invocations=371 (full 4):
 PSYoungGen      total 2560K, used 2546K [0x00000000d5580000, 0x00000000d5c00000, 0x0000000100000000)
  eden space 2048K, 100% used [0x00000000d5580000,0x00000000d5780000,0x00000000d5780000)
  from space 512K, 97% used [0x00000000d5b80000,0x00000000d5bfc800,0x00000000d5c00000)
  to   space 1024K, 0% used [0x00000000d5a00000,0x00000000d5a00000,0x00000000d5b00000)
 ParOldGen       total 187904K, used 82136K [0x0000000080000000, 0x000000008b780000, 0x00000000d5580000)
  object space 187904K, 43% used [0x0000000080000000,0x00000000850361f0,0x000000008b780000)
 Metaspace       used 77222K, committed 78976K, reserved 1179648K
  class space    used 8004K, committed 8832K, reserved 1048576K
}
Event: 1019.922 GC heap after
{Heap after GC invocations=371 (full 4):
 PSYoungGen      total 3072K, used 1011K [0x00000000d5580000, 0x00000000d5c80000, 0x0000000100000000)
  eden space 2048K, 0% used [0x00000000d5580000,0x00000000d5580000,0x00000000d5780000)
  from space 1024K, 98% used [0x00000000d5a00000,0x00000000d5afccc0,0x00000000d5b00000)
  to   space 1536K, 0% used [0x00000000d5b00000,0x00000000d5b00000,0x00000000d5c80000)
 ParOldGen       total 187904K, used 83399K [0x0000000080000000, 0x000000008b780000, 0x00000000d5580000)
  object space 187904K, 44% used [0x0000000080000000,0x0000000085171e50,0x000000008b780000)
 Metaspace       used 77222K, committed 78976K, reserved 1179648K
  class space    used 8004K, committed 8832K, reserved 1048576K
}
Event: 1019.964 GC heap before
{Heap before GC invocations=372 (full 4):
 PSYoungGen      total 3072K, used 3051K [0x00000000d5580000, 0x00000000d5c80000, 0x0000000100000000)
  eden space 2048K, 99% used [0x00000000d5580000,0x00000000d577e208,0x00000000d5780000)
  from space 1024K, 98% used [0x00000000d5a00000,0x00000000d5afccc0,0x00000000d5b00000)
  to   space 1536K, 0% used [0x00000000d5b00000,0x00000000d5b00000,0x00000000d5c80000)
 ParOldGen       total 187904K, used 83399K [0x0000000080000000, 0x000000008b780000, 0x00000000d5580000)
  object space 187904K, 44% used [0x0000000080000000,0x0000000085171e50,0x000000008b780000)
 Metaspace       used 77230K, committed 78976K, reserved 1179648K
  class space    used 8004K, committed 8832K, reserved 1048576K
}
Event: 1019.969 GC heap after
{Heap after GC invocations=372 (full 4):
 PSYoungGen      total 3584K, used 1530K [0x00000000d5580000, 0x00000000d5d80000, 0x0000000100000000)
  eden space 2048K, 0% used [0x00000000d5580000,0x00000000d5580000,0x00000000d5780000)
  from space 1536K, 99% used [0x00000000d5b00000,0x00000000d5c7e910,0x00000000d5c80000)
  to   space 3072K, 0% used [0x00000000d5780000,0x00000000d5780000,0x00000000d5a80000)
 ParOldGen       total 187904K, used 84615K [0x0000000080000000, 0x000000008b780000, 0x00000000d5580000)
  object space 187904K, 45% used [0x0000000080000000,0x00000000852a1f40,0x000000008b780000)
 Metaspace       used 77230K, committed 78976K, reserved 1179648K
  class space    used 8004K, committed 8832K, reserved 1048576K
}
Event: 1020.036 GC heap before
{Heap before GC invocations=373 (full 4):
 PSYoungGen      total 3584K, used 3575K [0x00000000d5580000, 0x00000000d5d80000, 0x0000000100000000)
  eden space 2048K, 99% used [0x00000000d5580000,0x00000000d577f4c0,0x00000000d5780000)
  from space 1536K, 99% used [0x00000000d5b00000,0x00000000d5c7e910,0x00000000d5c80000)
  to   space 3072K, 0% used [0x00000000d5780000,0x00000000d5780000,0x00000000d5a80000)
 ParOldGen       total 187904K, used 84615K [0x0000000080000000, 0x000000008b780000, 0x00000000d5580000)
  object space 187904K, 45% used [0x0000000080000000,0x00000000852a1f40,0x000000008b780000)
 Metaspace       used 77231K, committed 78976K, reserved 1179648K
  class space    used 8004K, committed 8832K, reserved 1048576K
}
Event: 1020.049 GC heap after
{Heap after GC invocations=373 (full 4):
 PSYoungGen      total 4096K, used 1784K [0x00000000d5580000, 0x00000000d5c80000, 0x0000000100000000)
  eden space 2048K, 0% used [0x00000000d5580000,0x00000000d5580000,0x00000000d5780000)
  from space 2048K, 87% used [0x00000000d5780000,0x00000000d593e028,0x00000000d5980000)
  to   space 2560K, 0% used [0x00000000d5a00000,0x00000000d5a00000,0x00000000d5c80000)
 ParOldGen       total 187904K, used 86119K [0x0000000080000000, 0x000000008b780000, 0x00000000d5580000)
  object space 187904K, 45% used [0x0000000080000000,0x0000000085419d08,0x000000008b780000)
 Metaspace       used 77231K, committed 78976K, reserved 1179648K
  class space    used 8004K, committed 8832K, reserved 1048576K
}
Event: 1020.082 GC heap before
{Heap before GC invocations=374 (full 4):
 PSYoungGen      total 4096K, used 3818K [0x00000000d5580000, 0x00000000d5c80000, 0x0000000100000000)
  eden space 2048K, 99% used [0x00000000d5580000,0x00000000d577ca40,0x00000000d5780000)
  from space 2048K, 87% used [0x00000000d5780000,0x00000000d593e028,0x00000000d5980000)
  to   space 2560K, 0% used [0x00000000d5a00000,0x00000000d5a00000,0x00000000d5c80000)
 ParOldGen       total 187904K, used 86119K [0x0000000080000000, 0x000000008b780000, 0x00000000d5580000)
  object space 187904K, 45% used [0x0000000080000000,0x0000000085419d08,0x000000008b780000)
 Metaspace       used 77231K, committed 78976K, reserved 1179648K
  class space    used 8004K, committed 8832K, reserved 1048576K
}
Event: 1020.086 GC heap after
{Heap after GC invocations=374 (full 4):
 PSYoungGen      total 4096K, used 1725K [0x00000000d5580000, 0x00000000d5c00000, 0x0000000100000000)
  eden space 2048K, 0% used [0x00000000d5580000,0x00000000d5580000,0x00000000d5780000)
  from space 2048K, 84% used [0x00000000d5a00000,0x00000000d5baf5e0,0x00000000d5c00000)
  to   space 2048K, 0% used [0x00000000d5780000,0x00000000d5780000,0x00000000d5980000)
 ParOldGen       total 187904K, used 87743K [0x0000000080000000, 0x000000008b780000, 0x00000000d5580000)
  object space 187904K, 46% used [0x0000000080000000,0x00000000855afca8,0x000000008b780000)
 Metaspace       used 77231K, committed 78976K, reserved 1179648K
  class space    used 8004K, committed 8832K, reserved 1048576K
}
Event: 1020.106 GC heap before
{Heap before GC invocations=375 (full 4):
 PSYoungGen      total 4096K, used 3744K [0x00000000d5580000, 0x00000000d5c00000, 0x0000000100000000)
  eden space 2048K, 98% used [0x00000000d5580000,0x00000000d5778c68,0x00000000d5780000)
  from space 2048K, 84% used [0x00000000d5a00000,0x00000000d5baf5e0,0x00000000d5c00000)
  to   space 2048K, 0% used [0x00000000d5780000,0x00000000d5780000,0x00000000d5980000)
 ParOldGen       total 187904K, used 87743K [0x0000000080000000, 0x000000008b780000, 0x00000000d5580000)
  object space 187904K, 46% used [0x0000000080000000,0x00000000855afca8,0x000000008b780000)
 Metaspace       used 77231K, committed 78976K, reserved 1179648K
  class space    used 8004K, committed 8832K, reserved 1048576K
}
Event: 1020.114 GC heap after
{Heap after GC invocations=375 (full 4):
 PSYoungGen      total 4096K, used 1738K [0x00000000d5580000, 0x00000000d5b80000, 0x0000000100000000)
  eden space 2048K, 0% used [0x00000000d5580000,0x00000000d5580000,0x00000000d5780000)
  from space 2048K, 84% used [0x00000000d5780000,0x00000000d5932b48,0x00000000d5980000)
  to   space 2048K, 0% used [0x00000000d5980000,0x00000000d5980000,0x00000000d5b80000)
 ParOldGen       total 187904K, used 89351K [0x0000000080000000, 0x000000008b780000, 0x00000000d5580000)
  object space 187904K, 47% used [0x0000000080000000,0x0000000085741e00,0x000000008b780000)
 Metaspace       used 77231K, committed 78976K, reserved 1179648K
  class space    used 8004K, committed 8832K, reserved 1048576K
}
Event: 1020.412 GC heap before
{Heap before GC invocations=376 (full 4):
 PSYoungGen      total 4096K, used 3786K [0x00000000d5580000, 0x00000000d5b80000, 0x0000000100000000)
  eden space 2048K, 100% used [0x00000000d5580000,0x00000000d5780000,0x00000000d5780000)
  from space 2048K, 84% used [0x00000000d5780000,0x00000000d5932b48,0x00000000d5980000)
  to   space 2048K, 0% used [0x00000000d5980000,0x00000000d5980000,0x00000000d5b80000)
 ParOldGen       total 187904K, used 89351K [0x0000000080000000, 0x000000008b780000, 0x00000000d5580000)
  object space 187904K, 47% used [0x0000000080000000,0x0000000085741e00,0x000000008b780000)
 Metaspace       used 77232K, committed 78976K, reserved 1179648K
  class space    used 8004K, committed 8832K, reserved 1048576K
}
Event: 1020.419 GC heap after
{Heap after GC invocations=376 (full 4):
 PSYoungGen      total 4096K, used 1718K [0x00000000d5580000, 0x00000000d5b80000, 0x0000000100000000)
  eden space 2048K, 0% used [0x00000000d5580000,0x00000000d5580000,0x00000000d5780000)
  from space 2048K, 83% used [0x00000000d5980000,0x00000000d5b2daa8,0x00000000d5b80000)
  to   space 2048K, 0% used [0x00000000d5780000,0x00000000d5780000,0x00000000d5980000)
 ParOldGen       total 187904K, used 90947K [0x0000000080000000, 0x000000008b780000, 0x00000000d5580000)
  object space 187904K, 48% used [0x0000000080000000,0x00000000858d0c10,0x000000008b780000)
 Metaspace       used 77232K, committed 78976K, reserved 1179648K
  class space    used 8004K, committed 8832K, reserved 1048576K
}
Event: 1020.587 GC heap before
{Heap before GC invocations=377 (full 4):
 PSYoungGen      total 4096K, used 3766K [0x00000000d5580000, 0x00000000d5b80000, 0x0000000100000000)
  eden space 2048K, 100% used [0x00000000d5580000,0x00000000d5780000,0x00000000d5780000)
  from space 2048K, 83% used [0x00000000d5980000,0x00000000d5b2daa8,0x00000000d5b80000)
  to   space 2048K, 0% used [0x00000000d5780000,0x00000000d5780000,0x00000000d5980000)
 ParOldGen       total 187904K, used 90947K [0x0000000080000000, 0x000000008b780000, 0x00000000d5580000)
  object space 187904K, 48% used [0x0000000080000000,0x00000000858d0c10,0x000000008b780000)
 Metaspace       used 77238K, committed 78976K, reserved 1179648K
  class space    used 8004K, committed 8832K, reserved 1048576K
}
Event: 1020.594 GC heap after
{Heap after GC invocations=377 (full 4):
 PSYoungGen      total 3072K, used 672K [0x00000000d5580000, 0x00000000d5a80000, 0x0000000100000000)
  eden space 2048K, 0% used [0x00000000d5580000,0x00000000d5580000,0x00000000d5780000)
  from space 1024K, 65% used [0x00000000d5780000,0x00000000d5828000,0x00000000d5880000)
  to   space 1536K, 0% used [0x00000000d5900000,0x00000000d5900000,0x00000000d5a80000)
 ParOldGen       total 187904K, used 92505K [0x0000000080000000, 0x000000008b780000, 0x00000000d5580000)
  object space 187904K, 49% used [0x0000000080000000,0x0000000085a56438,0x000000008b780000)
 Metaspace       used 77238K, committed 78976K, reserved 1179648K
  class space    used 8004K, committed 8832K, reserved 1048576K
}

