# JRE version: OpenJDK Runtime Environment Temurin-21.0.8+9 (21.0.8+9) (build 21.0.8+9-LTS)
# Java VM: OpenJDK 64-Bit Server VM Temurin-21.0.8+9 (21.0.8+9-LTS, mixed mode, sharing, tiered, compressed oops, compressed class ptrs, parallel gc, windows-amd64)
GC Precious Log:
 CardTable entry size: 512
 CPUs: 8 total, 8 available
 Memory: 5965M
 Large Page Support: Disabled
 NUMA Support: Disabled
 Compressed Oops: Enabled (32-bit)
 Alignments: Space 512K, Generation 512K, Heap 2M
 Heap Min Capacity: 100M
 Heap Initial Capacity: 100M
 Heap Max Capacity: 2G
 Pre-touch: Disabled
 Parallel Workers: 8
Heap:
 PSYoungGen      total 5632K, used 675K [0x00000000d5580000, 0x00000000d5c00000, 0x0000000100000000)
  eden space 4608K, 11% used [0x00000000d5580000,0x00000000d5600f90,0x00000000d5a00000)
  from space 1024K, 15% used [0x00000000d5a00000,0x00000000d5a28000,0x00000000d5b00000)
  to   space 512K, 0% used [0x00000000d5b80000,0x00000000d5b80000,0x00000000d5c00000)
 ParOldGen       total 274432K, used 187617K [0x0000000080000000, 0x0000000090c00000, 0x00000000d5580000)
  object space 274432K, 68% used [0x0000000080000000,0x000000008b738500,0x0000000090c00000)
 Metaspace       used 75012K, committed 76608K, reserved 1179648K
  class space    used 7505K, committed 8256K, reserved 1048576K
GC Heap History (20 events):
Event: 5528.196 GC heap before
{Heap before GC invocations=1140 (full 4):
 PSYoungGen      total 5120K, used 5088K [0x00000000d5580000, 0x00000000d5c80000, 0x0000000100000000)
  eden space 4608K, 100% used [0x00000000d5580000,0x00000000d5a00000,0x00000000d5a00000)
  from space 512K, 93% used [0x00000000d5a00000,0x00000000d5a78000,0x00000000d5a80000)
  to   space 1024K, 0% used [0x00000000d5b80000,0x00000000d5b80000,0x00000000d5c80000)
 ParOldGen       total 274432K, used 182389K [0x0000000080000000, 0x0000000090c00000, 0x00000000d5580000)
  object space 274432K, 66% used [0x0000000080000000,0x000000008b21d7f8,0x0000000090c00000)
 Metaspace       used 74753K, committed 76352K, reserved 1179648K
  class space    used 7481K, committed 8192K, reserved 1048576K
}
Event: 5528.201 GC heap after
{Heap after GC invocations=1140 (full 4):
 PSYoungGen      total 5632K, used 816K [0x00000000d5580000, 0x00000000d5c80000, 0x0000000100000000)
  eden space 4608K, 0% used [0x00000000d5580000,0x00000000d5580000,0x00000000d5a00000)
  from space 1024K, 79% used [0x00000000d5b80000,0x00000000d5c4c010,0x00000000d5c80000)
  to   space 1024K, 0% used [0x00000000d5a80000,0x00000000d5a80000,0x00000000d5b80000)
 ParOldGen       total 274432K, used 182690K [0x0000000080000000, 0x0000000090c00000, 0x00000000d5580000)
  object space 274432K, 66% used [0x0000000080000000,0x000000008b268828,0x0000000090c00000)
 Metaspace       used 74753K, committed 76352K, reserved 1179648K
  class space    used 7481K, committed 8192K, reserved 1048576K
}
Event: 5528.397 GC heap before
{Heap before GC invocations=1141 (full 4):
 PSYoungGen      total 5632K, used 5424K [0x00000000d5580000, 0x00000000d5c80000, 0x0000000100000000)
  eden space 4608K, 100% used [0x00000000d5580000,0x00000000d5a00000,0x00000000d5a00000)
  from space 1024K, 79% used [0x00000000d5b80000,0x00000000d5c4c010,0x00000000d5c80000)
  to   space 1024K, 0% used [0x00000000d5a80000,0x00000000d5a80000,0x00000000d5b80000)
 ParOldGen       total 274432K, used 182690K [0x0000000080000000, 0x0000000090c00000, 0x00000000d5580000)
  object space 274432K, 66% used [0x0000000080000000,0x000000008b268828,0x0000000090c00000)
 Metaspace       used 74764K, committed 76352K, reserved 1179648K
  class space    used 7481K, committed 8192K, reserved 1048576K
}
Event: 5528.414 GC heap after
{Heap after GC invocations=1141 (full 4):
 PSYoungGen      total 5120K, used 512K [0x00000000d5580000, 0x00000000d5c00000, 0x0000000100000000)
  eden space 4608K, 0% used [0x00000000d5580000,0x00000000d5580000,0x00000000d5a00000)
  from space 512K, 100% used [0x00000000d5a80000,0x00000000d5b00000,0x00000000d5b00000)
  to   space 1024K, 0% used [0x00000000d5b00000,0x00000000d5b00000,0x00000000d5c00000)
 ParOldGen       total 274432K, used 183380K [0x0000000080000000, 0x0000000090c00000, 0x00000000d5580000)
  object space 274432K, 66% used [0x0000000080000000,0x000000008b3151b8,0x0000000090c00000)
 Metaspace       used 74764K, committed 76352K, reserved 1179648K
  class space    used 7481K, committed 8192K, reserved 1048576K
}
Event: 5528.444 GC heap before
{Heap before GC invocations=1142 (full 4):
 PSYoungGen      total 5120K, used 5120K [0x00000000d5580000, 0x00000000d5c00000, 0x0000000100000000)
  eden space 4608K, 100% used [0x00000000d5580000,0x00000000d5a00000,0x00000000d5a00000)
  from space 512K, 100% used [0x00000000d5a80000,0x00000000d5b00000,0x00000000d5b00000)
  to   space 1024K, 0% used [0x00000000d5b00000,0x00000000d5b00000,0x00000000d5c00000)
 ParOldGen       total 274432K, used 183380K [0x0000000080000000, 0x0000000090c00000, 0x00000000d5580000)
  object space 274432K, 66% used [0x0000000080000000,0x000000008b3151b8,0x0000000090c00000)
 Metaspace       used 74764K, committed 76352K, reserved 1179648K
  class space    used 7481K, committed 8192K, reserved 1048576K
}
Event: 5528.450 GC heap after
{Heap after GC invocations=1142 (full 4):
 PSYoungGen      total 5120K, used 320K [0x00000000d5580000, 0x00000000d5b80000, 0x0000000100000000)
  eden space 4608K, 0% used [0x00000000d5580000,0x00000000d5580000,0x00000000d5a00000)
  from space 512K, 62% used [0x00000000d5b00000,0x00000000d5b50000,0x00000000d5b80000)
  to   space 512K, 0% used [0x00000000d5a80000,0x00000000d5a80000,0x00000000d5b00000)
 ParOldGen       total 274432K, used 183764K [0x0000000080000000, 0x0000000090c00000, 0x00000000d5580000)
  object space 274432K, 66% used [0x0000000080000000,0x000000008b3751d8,0x0000000090c00000)
 Metaspace       used 74764K, committed 76352K, reserved 1179648K
  class space    used 7481K, committed 8192K, reserved 1048576K
}
Event: 5528.499 GC heap before
{Heap before GC invocations=1143 (full 4):
 PSYoungGen      total 5120K, used 4928K [0x00000000d5580000, 0x00000000d5b80000, 0x0000000100000000)
  eden space 4608K, 100% used [0x00000000d5580000,0x00000000d5a00000,0x00000000d5a00000)
  from space 512K, 62% used [0x00000000d5b00000,0x00000000d5b50000,0x00000000d5b80000)
  to   space 512K, 0% used [0x00000000d5a80000,0x00000000d5a80000,0x00000000d5b00000)
 ParOldGen       total 274432K, used 183764K [0x0000000080000000, 0x0000000090c00000, 0x00000000d5580000)
  object space 274432K, 66% used [0x0000000080000000,0x000000008b3751d8,0x0000000090c00000)
 Metaspace       used 74764K, committed 76352K, reserved 1179648K
  class space    used 7481K, committed 8192K, reserved 1048576K
}
Event: 5528.510 GC heap after
{Heap after GC invocations=1143 (full 4):
 PSYoungGen      total 5120K, used 512K [0x00000000d5580000, 0x00000000d5d00000, 0x0000000100000000)
  eden space 4608K, 0% used [0x00000000d5580000,0x00000000d5580000,0x00000000d5a00000)
  from space 512K, 100% used [0x00000000d5a80000,0x00000000d5b00000,0x00000000d5b00000)
  to   space 1536K, 0% used [0x00000000d5b80000,0x00000000d5b80000,0x00000000d5d00000)
 ParOldGen       total 274432K, used 184204K [0x0000000080000000, 0x0000000090c00000, 0x00000000d5580000)
  object space 274432K, 67% used [0x0000000080000000,0x000000008b3e31f8,0x0000000090c00000)
 Metaspace       used 74764K, committed 76352K, reserved 1179648K
  class space    used 7481K, committed 8192K, reserved 1048576K
}
Event: 5528.735 GC heap before
{Heap before GC invocations=1144 (full 4):
 PSYoungGen      total 5120K, used 5120K [0x00000000d5580000, 0x00000000d5d00000, 0x0000000100000000)
  eden space 4608K, 100% used [0x00000000d5580000,0x00000000d5a00000,0x00000000d5a00000)
  from space 512K, 100% used [0x00000000d5a80000,0x00000000d5b00000,0x00000000d5b00000)
  to   space 1536K, 0% used [0x00000000d5b80000,0x00000000d5b80000,0x00000000d5d00000)
 ParOldGen       total 274432K, used 184204K [0x0000000080000000, 0x0000000090c00000, 0x00000000d5580000)
  object space 274432K, 67% used [0x0000000080000000,0x000000008b3e31f8,0x0000000090c00000)
 Metaspace       used 74767K, committed 76352K, reserved 1179648K
  class space    used 7481K, committed 8192K, reserved 1048576K
}
Event: 5528.744 GC heap after
{Heap after GC invocations=1144 (full 4):
 PSYoungGen      total 6144K, used 1024K [0x00000000d5580000, 0x00000000d5d00000, 0x0000000100000000)
  eden space 4608K, 0% used [0x00000000d5580000,0x00000000d5580000,0x00000000d5a00000)
  from space 1536K, 66% used [0x00000000d5b80000,0x00000000d5c80000,0x00000000d5d00000)
  to   space 1536K, 0% used [0x00000000d5a00000,0x00000000d5a00000,0x00000000d5b80000)
 ParOldGen       total 274432K, used 184748K [0x0000000080000000, 0x0000000090c00000, 0x00000000d5580000)
  object space 274432K, 67% used [0x0000000080000000,0x000000008b46b1f8,0x0000000090c00000)
 Metaspace       used 74767K, committed 76352K, reserved 1179648K
  class space    used 7481K, committed 8192K, reserved 1048576K
}
Event: 5528.776 GC heap before
{Heap before GC invocations=1145 (full 4):
 PSYoungGen      total 6144K, used 5632K [0x00000000d5580000, 0x00000000d5d00000, 0x0000000100000000)
  eden space 4608K, 100% used [0x00000000d5580000,0x00000000d5a00000,0x00000000d5a00000)
  from space 1536K, 66% used [0x00000000d5b80000,0x00000000d5c80000,0x00000000d5d00000)
  to   space 1536K, 0% used [0x00000000d5a00000,0x00000000d5a00000,0x00000000d5b80000)
 ParOldGen       total 274432K, used 184748K [0x0000000080000000, 0x0000000090c00000, 0x00000000d5580000)
  object space 274432K, 67% used [0x0000000080000000,0x000000008b46b1f8,0x0000000090c00000)
 Metaspace       used 74767K, committed 76352K, reserved 1179648K
  class space    used 7481K, committed 8192K, reserved 1048576K
}
Event: 5528.790 GC heap after
{Heap after GC invocations=1145 (full 4):
 PSYoungGen      total 5120K, used 288K [0x00000000d5580000, 0x00000000d5c00000, 0x0000000100000000)
  eden space 4608K, 0% used [0x00000000d5580000,0x00000000d5580000,0x00000000d5a00000)
  from space 512K, 56% used [0x00000000d5a00000,0x00000000d5a48000,0x00000000d5a80000)
  to   space 1024K, 0% used [0x00000000d5b00000,0x00000000d5b00000,0x00000000d5c00000)
 ParOldGen       total 274432K, used 185704K [0x0000000080000000, 0x0000000090c00000, 0x00000000d5580000)
  object space 274432K, 67% used [0x0000000080000000,0x000000008b55a228,0x0000000090c00000)
 Metaspace       used 74767K, committed 76352K, reserved 1179648K
  class space    used 7481K, committed 8192K, reserved 1048576K
}
Event: 5528.814 GC heap before
{Heap before GC invocations=1146 (full 4):
 PSYoungGen      total 5120K, used 4896K [0x00000000d5580000, 0x00000000d5c00000, 0x0000000100000000)
  eden space 4608K, 100% used [0x00000000d5580000,0x00000000d5a00000,0x00000000d5a00000)
  from space 512K, 56% used [0x00000000d5a00000,0x00000000d5a48000,0x00000000d5a80000)
  to   space 1024K, 0% used [0x00000000d5b00000,0x00000000d5b00000,0x00000000d5c00000)
 ParOldGen       total 274432K, used 185704K [0x0000000080000000, 0x0000000090c00000, 0x00000000d5580000)
  object space 274432K, 67% used [0x0000000080000000,0x000000008b55a228,0x0000000090c00000)
 Metaspace       used 74767K, committed 76352K, reserved 1179648K
  class space    used 7481K, committed 8192K, reserved 1048576K
}
Event: 5528.818 GC heap after
{Heap after GC invocations=1146 (full 4):
 PSYoungGen      total 5632K, used 736K [0x00000000d5580000, 0x00000000d5c00000, 0x0000000100000000)
  eden space 4608K, 0% used [0x00000000d5580000,0x00000000d5580000,0x00000000d5a00000)
  from space 1024K, 71% used [0x00000000d5b00000,0x00000000d5bb8000,0x00000000d5c00000)
  to   space 1024K, 0% used [0x00000000d5a00000,0x00000000d5a00000,0x00000000d5b00000)
 ParOldGen       total 274432K, used 185904K [0x0000000080000000, 0x0000000090c00000, 0x00000000d5580000)
  object space 274432K, 67% used [0x0000000080000000,0x000000008b58c228,0x0000000090c00000)
 Metaspace       used 74767K, committed 76352K, reserved 1179648K
  class space    used 7481K, committed 8192K, reserved 1048576K
}
Event: 5528.936 GC heap before
{Heap before GC invocations=1147 (full 4):
 PSYoungGen      total 5632K, used 5344K [0x00000000d5580000, 0x00000000d5c00000, 0x0000000100000000)
  eden space 4608K, 100% used [0x00000000d5580000,0x00000000d5a00000,0x00000000d5a00000)
  from space 1024K, 71% used [0x00000000d5b00000,0x00000000d5bb8000,0x00000000d5c00000)
  to   space 1024K, 0% used [0x00000000d5a00000,0x00000000d5a00000,0x00000000d5b00000)
 ParOldGen       total 274432K, used 185904K [0x0000000080000000, 0x0000000090c00000, 0x00000000d5580000)
  object space 274432K, 67% used [0x0000000080000000,0x000000008b58c228,0x0000000090c00000)
 Metaspace       used 74767K, committed 76352K, reserved 1179648K
  class space    used 7481K, committed 8192K, reserved 1048576K
}
Event: 5528.950 GC heap after
{Heap after GC invocations=1147 (full 4):
 PSYoungGen      total 5632K, used 1024K [0x00000000d5580000, 0x00000000d5d00000, 0x0000000100000000)
  eden space 4608K, 0% used [0x00000000d5580000,0x00000000d5580000,0x00000000d5a00000)
  from space 1024K, 100% used [0x00000000d5a00000,0x00000000d5b00000,0x00000000d5b00000)
  to   space 1536K, 0% used [0x00000000d5b80000,0x00000000d5b80000,0x00000000d5d00000)
 ParOldGen       total 274432K, used 186488K [0x0000000080000000, 0x0000000090c00000, 0x00000000d5580000)
  object space 274432K, 67% used [0x0000000080000000,0x000000008b61e228,0x0000000090c00000)
 Metaspace       used 74767K, committed 76352K, reserved 1179648K
  class space    used 7481K, committed 8192K, reserved 1048576K
}
Event: 5529.564 GC heap before
{Heap before GC invocations=1148 (full 4):
 PSYoungGen      total 5632K, used 5575K [0x00000000d5580000, 0x00000000d5d00000, 0x0000000100000000)
  eden space 4608K, 98% used [0x00000000d5580000,0x00000000d59f1e20,0x00000000d5a00000)
  from space 1024K, 100% used [0x00000000d5a00000,0x00000000d5b00000,0x00000000d5b00000)
  to   space 1536K, 0% used [0x00000000d5b80000,0x00000000d5b80000,0x00000000d5d00000)
 ParOldGen       total 274432K, used 186488K [0x0000000080000000, 0x0000000090c00000, 0x00000000d5580000)
  object space 274432K, 67% used [0x0000000080000000,0x000000008b61e228,0x0000000090c00000)
 Metaspace       used 74775K, committed 76352K, reserved 1179648K
  class space    used 7481K, committed 8192K, reserved 1048576K
}
Event: 5529.574 GC heap after
{Heap after GC invocations=1148 (full 4):
 PSYoungGen      total 5120K, used 288K [0x00000000d5580000, 0x00000000d5c00000, 0x0000000100000000)
  eden space 4608K, 0% used [0x00000000d5580000,0x00000000d5580000,0x00000000d5a00000)
  from space 512K, 56% used [0x00000000d5b80000,0x00000000d5bc8000,0x00000000d5c00000)
  to   space 1024K, 0% used [0x00000000d5a00000,0x00000000d5a00000,0x00000000d5b00000)
 ParOldGen       total 274432K, used 187424K [0x0000000080000000, 0x0000000090c00000, 0x00000000d5580000)
  object space 274432K, 68% used [0x0000000080000000,0x000000008b708268,0x0000000090c00000)
 Metaspace       used 74775K, committed 76352K, reserved 1179648K
  class space    used 7481K, committed 8192K, reserved 1048576K
}
Event: 5530.607 GC heap before
{Heap before GC invocations=1149 (full 4):
 PSYoungGen      total 5120K, used 4896K [0x00000000d5580000, 0x00000000d5c00000, 0x0000000100000000)
  eden space 4608K, 100% used [0x00000000d5580000,0x00000000d5a00000,0x00000000d5a00000)
  from space 512K, 56% used [0x00000000d5b80000,0x00000000d5bc8000,0x00000000d5c00000)
  to   space 1024K, 0% used [0x00000000d5a00000,0x00000000d5a00000,0x00000000d5b00000)
 ParOldGen       total 274432K, used 187424K [0x0000000080000000, 0x0000000090c00000, 0x00000000d5580000)
  object space 274432K, 68% used [0x0000000080000000,0x000000008b708268,0x0000000090c00000)
 Metaspace       used 75002K, committed 76608K, reserved 1179648K
  class space    used 7505K, committed 8256K, reserved 1048576K
}
Event: 5530.613 GC heap after
{Heap after GC invocations=1149 (full 4):
 PSYoungGen      total 5632K, used 160K [0x00000000d5580000, 0x00000000d5c00000, 0x0000000100000000)
  eden space 4608K, 0% used [0x00000000d5580000,0x00000000d5580000,0x00000000d5a00000)
  from space 1024K, 15% used [0x00000000d5a00000,0x00000000d5a28000,0x00000000d5b00000)
  to   space 512K, 0% used [0x00000000d5b80000,0x00000000d5b80000,0x00000000d5c00000)
 ParOldGen       total 274432K, used 187617K [0x0000000080000000, 0x0000000090c00000, 0x00000000d5580000)
  object space 274432K, 68% used [0x0000000080000000,0x000000008b738500,0x0000000090c00000)
 Metaspace       used 75002K, committed 76608K, reserved 1179648K
  class space    used 7505K, committed 8256K, reserved 1048576K
}

