# JRE version: Java(TM) SE Runtime Environment (21.0.9+7) (build 21.0.9+7-LTS-338)
# Java VM: Java HotSpot(TM) 64-Bit Server VM (21.0.9+7-LTS-338, mixed mode, tiered, compressed oops, compressed class ptrs, g1 gc, windows-amd64)
GC Precious Log:
 CardTable entry size: 512
 Card Set container configuration: InlinePtr #cards 5 size 8 Array Of Cards #cards 12 size 40 Howl #buckets 4 coarsen threshold 1843 Howl Bitmap #cards 512 size 80 coarsen threshold 460 Card regions per heap region 1 cards per card region 2048
 CPUs: 8 total, 8 available
 Memory: 5965M
 Large Page Support: Disabled
 NUMA Support: Disabled
 Compressed Oops: Enabled (32-bit)
 Heap Region Size: 1M
 Heap Min Capacity: 8M
 Heap Initial Capacity: 94M
 Heap Max Capacity: 1492M
 Pre-touch: Disabled
 Parallel Workers: 8
 Concurrent Workers: 2
 Concurrent Refinement Workers: 8
 Periodic GC: Disabled
Heap:
 garbage-first heap   total 101376K, used 66440K [0x00000000a2c00000, 0x0000000100000000)
  region size 1024K, 14 young (14336K), 3 survivors (3072K)
 Metaspace       used 37059K, committed 37376K, reserved 1114112K
  class space    used 3824K, committed 3968K, reserved 1048576K
GC Heap History (20 events):
Event: 12.054 GC heap before
{Heap before GC invocations=12 (full 0):
 garbage-first heap   total 40960K, used 36835K [0x00000000a2c00000, 0x0000000100000000)
  region size 1024K, 20 young (20480K), 2 survivors (2048K)
 Metaspace       used 29692K, committed 30080K, reserved 1114112K
  class space    used 3038K, committed 3200K, reserved 1048576K
}
Event: 12.060 GC heap after
{Heap after GC invocations=13 (full 0):
 garbage-first heap   total 43008K, used 21135K [0x00000000a2c00000, 0x0000000100000000)
  region size 1024K, 3 young (3072K), 3 survivors (3072K)
 Metaspace       used 29692K, committed 30080K, reserved 1114112K
  class space    used 3038K, committed 3200K, reserved 1048576K
}
Event: 12.120 GC heap before
{Heap before GC invocations=13 (full 0):
 garbage-first heap   total 43008K, used 25231K [0x00000000a2c00000, 0x0000000100000000)
  region size 1024K, 7 young (7168K), 3 survivors (3072K)
 Metaspace       used 29936K, committed 30336K, reserved 1114112K
  class space    used 3070K, committed 3264K, reserved 1048576K
}
Event: 12.125 GC heap after
{Heap after GC invocations=14 (full 0):
 garbage-first heap   total 43008K, used 19682K [0x00000000a2c00000, 0x0000000100000000)
  region size 1024K, 1 young (1024K), 1 survivors (1024K)
 Metaspace       used 29936K, committed 30336K, reserved 1114112K
  class space    used 3070K, committed 3264K, reserved 1048576K
}
Event: 12.776 GC heap before
{Heap before GC invocations=15 (full 0):
 garbage-first heap   total 43008K, used 42210K [0x00000000a2c00000, 0x0000000100000000)
  region size 1024K, 16 young (16384K), 1 survivors (1024K)
 Metaspace       used 35035K, committed 35456K, reserved 1114112K
  class space    used 3668K, committed 3840K, reserved 1048576K
}
Event: 12.788 GC heap after
{Heap after GC invocations=16 (full 0):
 garbage-first heap   total 50176K, used 33792K [0x00000000a2c00000, 0x0000000100000000)
  region size 1024K, 3 young (3072K), 3 survivors (3072K)
 Metaspace       used 35035K, committed 35456K, reserved 1114112K
  class space    used 3668K, committed 3840K, reserved 1048576K
}
Event: 17.153 GC heap before
{Heap before GC invocations=16 (full 0):
 garbage-first heap   total 50176K, used 43008K [0x00000000a2c00000, 0x0000000100000000)
  region size 1024K, 11 young (11264K), 3 survivors (3072K)
 Metaspace       used 35839K, committed 36160K, reserved 1114112K
  class space    used 3722K, committed 3840K, reserved 1048576K
}
Event: 17.160 GC heap after
{Heap after GC invocations=17 (full 0):
 garbage-first heap   total 63488K, used 38912K [0x00000000a2c00000, 0x0000000100000000)
  region size 1024K, 2 young (2048K), 2 survivors (2048K)
 Metaspace       used 35839K, committed 36160K, reserved 1114112K
  class space    used 3722K, committed 3840K, reserved 1048576K
}
Event: 17.460 GC heap before
{Heap before GC invocations=17 (full 0):
 garbage-first heap   total 63488K, used 48128K [0x00000000a2c00000, 0x0000000100000000)
  region size 1024K, 13 young (13312K), 2 survivors (2048K)
 Metaspace       used 36290K, committed 36672K, reserved 1114112K
  class space    used 3761K, committed 3904K, reserved 1048576K
}
Event: 17.466 GC heap after
{Heap after GC invocations=18 (full 0):
 garbage-first heap   total 63488K, used 41700K [0x00000000a2c00000, 0x0000000100000000)
  region size 1024K, 2 young (2048K), 2 survivors (2048K)
 Metaspace       used 36290K, committed 36672K, reserved 1114112K
  class space    used 3761K, committed 3904K, reserved 1048576K
}
Event: 17.550 GC heap before
{Heap before GC invocations=19 (full 0):
 garbage-first heap   total 75776K, used 48868K [0x00000000a2c00000, 0x0000000100000000)
  region size 1024K, 12 young (12288K), 2 survivors (2048K)
 Metaspace       used 36295K, committed 36672K, reserved 1114112K
  class space    used 3761K, committed 3904K, reserved 1048576K
}
Event: 17.555 GC heap after
{Heap after GC invocations=20 (full 0):
 garbage-first heap   total 75776K, used 42777K [0x00000000a2c00000, 0x0000000100000000)
  region size 1024K, 2 young (2048K), 2 survivors (2048K)
 Metaspace       used 36295K, committed 36672K, reserved 1114112K
  class space    used 3761K, committed 3904K, reserved 1048576K
}
Event: 21.726 GC heap before
{Heap before GC invocations=20 (full 0):
 garbage-first heap   total 75776K, used 57113K [0x00000000a2c00000, 0x0000000100000000)
  region size 1024K, 17 young (17408K), 2 survivors (2048K)
 Metaspace       used 36318K, committed 36672K, reserved 1114112K
  class space    used 3761K, committed 3904K, reserved 1048576K
}
Event: 21.733 GC heap after
{Heap after GC invocations=21 (full 0):
 garbage-first heap   total 75776K, used 48128K [0x00000000a2c00000, 0x0000000100000000)
  region size 1024K, 3 young (3072K), 3 survivors (3072K)
 Metaspace       used 36318K, committed 36672K, reserved 1114112K
  class space    used 3761K, committed 3904K, reserved 1048576K
}
Event: 21.904 GC heap before
{Heap before GC invocations=21 (full 0):
 garbage-first heap   total 75776K, used 57344K [0x00000000a2c00000, 0x0000000100000000)
  region size 1024K, 13 young (13312K), 3 survivors (3072K)
 Metaspace       used 36323K, committed 36672K, reserved 1114112K
  class space    used 3761K, committed 3904K, reserved 1048576K
}
Event: 21.910 GC heap after
{Heap after GC invocations=22 (full 0):
 garbage-first heap   total 75776K, used 51013K [0x00000000a2c00000, 0x0000000100000000)
  region size 1024K, 2 young (2048K), 2 survivors (2048K)
 Metaspace       used 36323K, committed 36672K, reserved 1114112K
  class space    used 3761K, committed 3904K, reserved 1048576K
}
Event: 23.033 GC heap before
{Heap before GC invocations=23 (full 0):
 garbage-first heap   total 101376K, used 63301K [0x00000000a2c00000, 0x0000000100000000)
  region size 1024K, 13 young (13312K), 2 survivors (2048K)
 Metaspace       used 36533K, committed 36800K, reserved 1114112K
  class space    used 3789K, committed 3904K, reserved 1048576K
}
Event: 23.038 GC heap after
{Heap after GC invocations=24 (full 0):
 garbage-first heap   total 101376K, used 54207K [0x00000000a2c00000, 0x0000000100000000)
  region size 1024K, 2 young (2048K), 2 survivors (2048K)
 Metaspace       used 36533K, committed 36800K, reserved 1114112K
  class space    used 3789K, committed 3904K, reserved 1048576K
}
Event: 25.281 GC heap before
{Heap before GC invocations=24 (full 0):
 garbage-first heap   total 101376K, used 74687K [0x00000000a2c00000, 0x0000000100000000)
  region size 1024K, 22 young (22528K), 2 survivors (2048K)
 Metaspace       used 36989K, committed 37312K, reserved 1114112K
  class space    used 3824K, committed 3968K, reserved 1048576K
}
Event: 25.294 GC heap after
{Heap after GC invocations=25 (full 0):
 garbage-first heap   total 101376K, used 57224K [0x00000000a2c00000, 0x0000000100000000)
  region size 1024K, 3 young (3072K), 3 survivors (3072K)
 Metaspace       used 36989K, committed 37312K, reserved 1114112K
  class space    used 3824K, committed 3968K, reserved 1048576K
}

