# JRE version: Java(TM) SE Runtime Environment (21.0.9+7) (build 21.0.9+7-LTS-338)
# Java VM: Java HotSpot(TM) 64-Bit Server VM (21.0.9+7-LTS-338, mixed mode, emulated-client, sharing, tiered, compressed oops, compressed class ptrs, g1 gc, windows-amd64)
GC Precious Log:
 CardTable entry size: 512
 Card Set container configuration: InlinePtr #cards 5 size 8 Array Of Cards #cards 12 size 40 Howl #buckets 4 coarsen threshold 1843 Howl Bitmap #cards 512 size 80 coarsen threshold 460 Card regions per heap region 1 cards per card region 2048
 CPUs: 8 total, 8 available
 Memory: 5965M
 Large Page Support: Disabled
 NUMA Support: Disabled
 Compressed Oops: Enabled (32-bit)
 Heap Region Size: 1M
 Heap Min Capacity: 8M
 Heap Initial Capacity: 94M
 Heap Max Capacity: 1492M
 Pre-touch: Disabled
 Parallel Workers: 8
 Concurrent Workers: 2
 Concurrent Refinement Workers: 8
 Periodic GC: Disabled
Heap:
 garbage-first heap   total 61440K, used 56696K [0x00000000a2c00000, 0x0000000100000000)
  region size 1024K, 41 young (41984K), 1 survivors (1024K)
 Metaspace       used 26972K, committed 27456K, reserved 1114112K
  class space    used 3845K, committed 4096K, reserved 1048576K
GC Heap History (8 events):
Event: 1.408 GC heap before
{Heap before GC invocations=0 (full 0):
 garbage-first heap   total 96256K, used 25600K [0x00000000a2c00000, 0x0000000100000000)
  region size 1024K, 23 young (23552K), 0 survivors (0K)
 Metaspace       used 5427K, committed 5632K, reserved 1114112K
  class space    used 730K, committed 832K, reserved 1048576K
}
Event: 1.417 GC heap after
{Heap after GC invocations=1 (full 0):
 garbage-first heap   total 96256K, used 8192K [0x00000000a2c00000, 0x0000000100000000)
  region size 1024K, 3 young (3072K), 3 survivors (3072K)
 Metaspace       used 5427K, committed 5632K, reserved 1114112K
  class space    used 730K, committed 832K, reserved 1048576K
}
Event: 2.195 GC heap before
{Heap before GC invocations=1 (full 0):
 garbage-first heap   total 96256K, used 35840K [0x00000000a2c00000, 0x0000000100000000)
  region size 1024K, 31 young (31744K), 3 survivors (3072K)
 Metaspace       used 11453K, committed 11776K, reserved 1114112K
  class space    used 1729K, committed 1856K, reserved 1048576K
}
Event: 2.202 GC heap after
{Heap after GC invocations=2 (full 0):
 garbage-first heap   total 96256K, used 10596K [0x00000000a2c00000, 0x0000000100000000)
  region size 1024K, 3 young (3072K), 3 survivors (3072K)
 Metaspace       used 11453K, committed 11776K, reserved 1114112K
  class space    used 1729K, committed 1856K, reserved 1048576K
}
Event: 6.842 GC heap before
{Heap before GC invocations=2 (full 0):
 garbage-first heap   total 96256K, used 63844K [0x00000000a2c00000, 0x0000000100000000)
  region size 1024K, 56 young (57344K), 3 survivors (3072K)
 Metaspace       used 20414K, committed 20800K, reserved 1114112K
  class space    used 2836K, committed 3008K, reserved 1048576K
}
Event: 6.859 GC heap after
{Heap after GC invocations=3 (full 0):
 garbage-first heap   total 96256K, used 15615K [0x00000000a2c00000, 0x0000000100000000)
  region size 1024K, 7 young (7168K), 7 survivors (7168K)
 Metaspace       used 20414K, committed 20800K, reserved 1114112K
  class space    used 2836K, committed 3008K, reserved 1048576K
}
Event: 9.100 GC heap before
{Heap before GC invocations=3 (full 0):
 garbage-first heap   total 96256K, used 19711K [0x00000000a2c00000, 0x0000000100000000)
  region size 1024K, 12 young (12288K), 7 survivors (7168K)
 Metaspace       used 21090K, committed 21504K, reserved 1114112K
  class space    used 2931K, committed 3136K, reserved 1048576K
}
Event: 9.117 GC heap after
{Heap after GC invocations=4 (full 0):
 garbage-first heap   total 96256K, used 16760K [0x00000000a2c00000, 0x0000000100000000)
  region size 1024K, 1 young (1024K), 1 survivors (1024K)
 Metaspace       used 21090K, committed 21504K, reserved 1114112K
  class space    used 2931K, committed 3136K, reserved 1048576K
}

