# JRE version: Java(TM) SE Runtime Environment (21.0.9+7) (build 21.0.9+7-LTS-338)
# Java VM: Java HotSpot(TM) 64-Bit Server VM (21.0.9+7-LTS-338, mixed mode, sharing, tiered, compressed oops, compressed class ptrs, g1 gc, windows-amd64)
GC Precious Log:
 CardTable entry size: 512
 Card Set container configuration: InlinePtr #cards 5 size 8 Array Of Cards #cards 12 size 40 Howl #buckets 4 coarsen threshold 1843 Howl Bitmap #cards 512 size 80 coarsen threshold 460 Card regions per heap region 1 cards per card region 2048
 CPUs: 8 total, 8 available
 Memory: 5965M
 Large Page Support: Disabled
 NUMA Support: Disabled
 Compressed Oops: Enabled (32-bit)
 Heap Region Size: 1M
 Heap Min Capacity: 8M
 Heap Initial Capacity: 94M
 Heap Max Capacity: 768M
 Pre-touch: Disabled
 Parallel Workers: 8
 Concurrent Workers: 2
 Concurrent Refinement Workers: 8
 Periodic GC: Disabled
Heap:
 garbage-first heap   total 104448K, used 42060K [0x00000000d0000000, 0x0000000100000000)
  region size 1024K, 22 young (22528K), 5 survivors (5120K)
 Metaspace       used 19944K, committed 20288K, reserved 1114112K
  class space    used 2163K, committed 2304K, reserved 1048576K
GC Heap History (12 events):
Event: 2.763 GC heap before
{Heap before GC invocations=0 (full 0):
 garbage-first heap   total 96256K, used 23552K [0x00000000d0000000, 0x0000000100000000)
  region size 1024K, 23 young (23552K), 0 survivors (0K)
 Metaspace       used 5942K, committed 6144K, reserved 1114112K
  class space    used 681K, committed 768K, reserved 1048576K
}
Event: 2.774 GC heap after
{Heap after GC invocations=1 (full 0):
 garbage-first heap   total 96256K, used 3927K [0x00000000d0000000, 0x0000000100000000)
  region size 1024K, 3 young (3072K), 3 survivors (3072K)
 Metaspace       used 5942K, committed 6144K, reserved 1114112K
  class space    used 681K, committed 768K, reserved 1048576K
}
Event: 3.940 GC heap before
{Heap before GC invocations=1 (full 0):
 garbage-first heap   total 96256K, used 34647K [0x00000000d0000000, 0x0000000100000000)
  region size 1024K, 33 young (33792K), 3 survivors (3072K)
 Metaspace       used 10372K, committed 10560K, reserved 1114112K
  class space    used 1221K, committed 1280K, reserved 1048576K
}
Event: 3.952 GC heap after
{Heap after GC invocations=2 (full 0):
 garbage-first heap   total 96256K, used 6144K [0x00000000d0000000, 0x0000000100000000)
  region size 1024K, 2 young (2048K), 2 survivors (2048K)
 Metaspace       used 10372K, committed 10560K, reserved 1114112K
  class space    used 1221K, committed 1280K, reserved 1048576K
}
Event: 6.172 GC heap before
{Heap before GC invocations=2 (full 0):
 garbage-first heap   total 96256K, used 61440K [0x00000000d0000000, 0x0000000100000000)
  region size 1024K, 56 young (57344K), 2 survivors (2048K)
 Metaspace       used 16096K, committed 16320K, reserved 1114112K
  class space    used 1854K, committed 1920K, reserved 1048576K
}
Event: 6.195 GC heap after
{Heap after GC invocations=3 (full 0):
 garbage-first heap   total 96256K, used 13077K [0x00000000d0000000, 0x0000000100000000)
  region size 1024K, 7 young (7168K), 7 survivors (7168K)
 Metaspace       used 16096K, committed 16320K, reserved 1114112K
  class space    used 1854K, committed 1920K, reserved 1048576K
}
Event: 7.422 GC heap before
{Heap before GC invocations=3 (full 0):
 garbage-first heap   total 96256K, used 63253K [0x00000000d0000000, 0x0000000100000000)
  region size 1024K, 56 young (57344K), 7 survivors (7168K)
 Metaspace       used 16654K, committed 16960K, reserved 1114112K
  class space    used 1858K, committed 1984K, reserved 1048576K
}
Event: 7.443 GC heap after
{Heap after GC invocations=4 (full 0):
 garbage-first heap   total 96256K, used 16896K [0x00000000d0000000, 0x0000000100000000)
  region size 1024K, 4 young (4096K), 4 survivors (4096K)
 Metaspace       used 16654K, committed 16960K, reserved 1114112K
  class space    used 1858K, committed 1984K, reserved 1048576K
}
Event: 8.077 GC heap before
{Heap before GC invocations=4 (full 0):
 garbage-first heap   total 96256K, used 58880K [0x00000000d0000000, 0x0000000100000000)
  region size 1024K, 26 young (26624K), 4 survivors (4096K)
 Metaspace       used 17704K, committed 17984K, reserved 1114112K
  class space    used 1968K, committed 2048K, reserved 1048576K
}
Event: 8.083 GC heap after
{Heap after GC invocations=5 (full 0):
 garbage-first heap   total 96256K, used 38638K [0x00000000d0000000, 0x0000000100000000)
  region size 1024K, 5 young (5120K), 5 survivors (5120K)
 Metaspace       used 17704K, committed 17984K, reserved 1114112K
  class space    used 1968K, committed 2048K, reserved 1048576K
}
Event: 9.123 GC heap before
{Heap before GC invocations=5 (full 0):
 garbage-first heap   total 96256K, used 93934K [0x00000000d0000000, 0x0000000100000000)
  region size 1024K, 48 young (49152K), 5 survivors (5120K)
 Metaspace       used 19201K, committed 19520K, reserved 1114112K
  class space    used 2089K, committed 2240K, reserved 1048576K
}
Event: 9.134 GC heap after
{Heap after GC invocations=6 (full 0):
 garbage-first heap   total 104448K, used 21580K [0x00000000d0000000, 0x0000000100000000)
  region size 1024K, 5 young (5120K), 5 survivors (5120K)
 Metaspace       used 19201K, committed 19520K, reserved 1114112K
  class space    used 2089K, committed 2240K, reserved 1048576K
}

